Arguments: 
  /usr/local/bin/node /Users/joy.gao/.yarn/bin/yarn.js init

PATH: 
  /usr/local/opt/openssl@1.1/bin:/usr/local/opt/openssl@1.1/bin:/usr/local/opt/icu4c/sbin:/usr/local/opt/icu4c/bin:/Users/joy.gao/.yarn/bin:/Users/joy.gao/.config/yarn/global/node_modules/.bin:/usr/local/sbin:/usr/local/bin:/usr/local/bin:/usr/bin:/bin:/usr/sbin:/sbin:/usr/local/go/bin:/usr/local/opt/openssl@1.1/bin:/usr/local/opt/icu4c/sbin:/usr/local/opt/icu4c/bin:/Users/joy.gao/.yarn/bin:/Users/joy.gao/.config/yarn/global/node_modules/.bin:/usr/local/sbin

Yarn version: 
  1.22.5

Node version: 
  16.14.0

Platform: 
  darwin x64

Trace: 
  Error: canceled
      at Interface.<anonymous> (/Users/joy.gao/.yarn/lib/cli.js:137009:13)
      at Interface.emit (node:events:520:28)
      at Interface._ttyWrite (node:readline:1081:16)
      at ReadStream.onkeypress (node:readline:288:10)
      at ReadStream.emit (node:events:520:28)
      at emitKeys (node:internal/readline/utils:358:14)
      at emitKeys.next (<anonymous>)
      at ReadStream.onData (node:internal/readline/emitKeypressEvents:61:36)
      at ReadStream.emit (node:events:520:28)
      at addChunk (node:internal/streams/readable:315:12)

npm manifest: 
  No manifest

yarn manifest: 
  No manifest

Lockfile: 
  No lockfile
